<?xml version="1.0" encoding="UTF-8"?>
<testsuite name="TaskHandlerTest" tests="3" skipped="0" failures="0" errors="0" timestamp="2022-03-30T13:48:10" hostname="LAPTOP-PO0137DO" time="0.041">
  <properties/>
  <testcase name="TaskTestTodo()" classname="TaskHandlerTest" time="0.039"/>
  <testcase name="TaskTestGreeting()" classname="TaskHandlerTest" time="0.001"/>
  <testcase name="TaskTestBye()" classname="TaskHandlerTest" time="0.0"/>
  <system-out><![CDATA[]]></system-out>
  <system-err><![CDATA[]]></system-err>
</testsuite>
